# JRE version: Java(TM) SE Runtime Environment (8.0_171-b11) (build 1.8.0_171-b11)
# Java VM: Java HotSpot(TM) 64-Bit Server VM (25.171-b11 mixed mode windows-amd64 compressed oops)
Heap:
 PSYoungGen      total 293888K, used 227488K [0x00000000d6300000, 0x00000000ea480000, 0x0000000100000000)
  eden space 271872K, 76% used [0x00000000d6300000,0x00000000e2cd3fb0,0x00000000e6c80000)
  from space 22016K, 94% used [0x00000000e8f00000,0x00000000ea354298,0x00000000ea480000)
  to   space 28672K, 0% used [0x00000000e6c80000,0x00000000e6c80000,0x00000000e8880000)
 ParOldGen       total 206848K, used 60869K [0x0000000082800000, 0x000000008f200000, 0x00000000d6300000)
  object space 206848K, 29% used [0x0000000082800000,0x0000000086371690,0x000000008f200000)
 Metaspace       used 86538K, capacity 90036K, committed 90368K, reserved 1128448K
  class space    used 11012K, capacity 11677K, committed 11776K, reserved 1048576K
GC Heap History (10 events):
Event: 11.918 GC heap before
{Heap before GC invocations=11 (full 2):
 PSYoungGen      total 224768K, used 22511K [0x00000000d6300000, 0x00000000e7000000, 0x0000000100000000)
  eden space 202240K, 0% used [0x00000000d6300000,0x00000000d6300000,0x00000000e2880000)
  from space 22528K, 99% used [0x00000000e5100000,0x00000000e66fbe70,0x00000000e6700000)
  to   space 9216K, 0% used [0x00000000e6700000,0x00000000e6700000,0x00000000e7000000)
 ParOldGen       total 83456K, used 38423K [0x0000000082800000, 0x0000000087980000, 0x00000000d6300000)
  object space 83456K, 46% used [0x0000000082800000,0x0000000084d85c00,0x0000000087980000)
 Metaspace       used 34395K, capacity 35334K, committed 35456K, reserved 1079296K
  class space    used 4329K, capacity 4617K, committed 4736K, reserved 1048576K
Event: 12.058 GC heap after
Heap after GC invocations=11 (full 2):
 PSYoungGen      total 224768K, used 0K [0x00000000d6300000, 0x00000000e7000000, 0x0000000100000000)
  eden space 202240K, 0% used [0x00000000d6300000,0x00000000d6300000,0x00000000e2880000)
  from space 22528K, 0% used [0x00000000e5100000,0x00000000e5100000,0x00000000e6700000)
  to   space 9216K, 0% used [0x00000000e6700000,0x00000000e6700000,0x00000000e7000000)
 ParOldGen       total 151040K, used 47018K [0x0000000082800000, 0x000000008bb80000, 0x00000000d6300000)
  object space 151040K, 31% used [0x0000000082800000,0x00000000855ea950,0x000000008bb80000)
 Metaspace       used 34395K, capacity 35334K, committed 35456K, reserved 1079296K
  class space    used 4329K, capacity 4617K, committed 4736K, reserved 1048576K
}
Event: 14.513 GC heap before
{Heap before GC invocations=12 (full 2):
 PSYoungGen      total 224768K, used 202240K [0x00000000d6300000, 0x00000000e7000000, 0x0000000100000000)
  eden space 202240K, 100% used [0x00000000d6300000,0x00000000e2880000,0x00000000e2880000)
  from space 22528K, 0% used [0x00000000e5100000,0x00000000e5100000,0x00000000e6700000)
  to   space 9216K, 0% used [0x00000000e6700000,0x00000000e6700000,0x00000000e7000000)
 ParOldGen       total 151040K, used 47018K [0x0000000082800000, 0x000000008bb80000, 0x00000000d6300000)
  object space 151040K, 31% used [0x0000000082800000,0x00000000855ea950,0x000000008bb80000)
 Metaspace       used 48274K, capacity 49788K, committed 50048K, reserved 1093632K
  class space    used 6132K, capacity 6496K, committed 6528K, reserved 1048576K
Event: 14.538 GC heap after
Heap after GC invocations=12 (full 2):
 PSYoungGen      total 248320K, used 9201K [0x00000000d6300000, 0x00000000e8280000, 0x0000000100000000)
  eden space 239104K, 0% used [0x00000000d6300000,0x00000000d6300000,0x00000000e4c80000)
  from space 9216K, 99% used [0x00000000e6700000,0x00000000e6ffc4b8,0x00000000e7000000)
  to   space 27136K, 0% used [0x00000000e4c80000,0x00000000e4c80000,0x00000000e6700000)
 ParOldGen       total 151040K, used 56812K [0x0000000082800000, 0x000000008bb80000, 0x00000000d6300000)
  object space 151040K, 37% used [0x0000000082800000,0x0000000085f7b180,0x000000008bb80000)
 Metaspace       used 48274K, capacity 49788K, committed 50048K, reserved 1093632K
  class space    used 6132K, capacity 6496K, committed 6528K, reserved 1048576K
}
Event: 18.896 GC heap before
{Heap before GC invocations=13 (full 2):
 PSYoungGen      total 248320K, used 234755K [0x00000000d6300000, 0x00000000e8280000, 0x0000000100000000)
  eden space 239104K, 94% used [0x00000000d6300000,0x00000000e3f44890,0x00000000e4c80000)
  from space 9216K, 99% used [0x00000000e6700000,0x00000000e6ffc4b8,0x00000000e7000000)
  to   space 27136K, 0% used [0x00000000e4c80000,0x00000000e4c80000,0x00000000e6700000)
 ParOldGen       total 151040K, used 56812K [0x0000000082800000, 0x000000008bb80000, 0x00000000d6300000)
  object space 151040K, 37% used [0x0000000082800000,0x0000000085f7b180,0x000000008bb80000)
 Metaspace       used 56700K, capacity 58990K, committed 59096K, reserved 1101824K
  class space    used 7264K, capacity 7771K, committed 7808K, reserved 1048576K
Event: 18.935 GC heap after
Heap after GC invocations=13 (full 2):
 PSYoungGen      total 266240K, used 17791K [0x00000000d6300000, 0x00000000eaa00000, 0x0000000100000000)
  eden space 239104K, 0% used [0x00000000d6300000,0x00000000d6300000,0x00000000e4c80000)
  from space 27136K, 65% used [0x00000000e4c80000,0x00000000e5ddff28,0x00000000e6700000)
  to   space 27648K, 0% used [0x00000000e8f00000,0x00000000e8f00000,0x00000000eaa00000)
 ParOldGen       total 151040K, used 63750K [0x0000000082800000, 0x000000008bb80000, 0x00000000d6300000)
  object space 151040K, 42% used [0x0000000082800000,0x00000000866418f8,0x000000008bb80000)
 Metaspace       used 56700K, capacity 58990K, committed 59096K, reserved 1101824K
  class space    used 7264K, capacity 7771K, committed 7808K, reserved 1048576K
}
Event: 18.935 GC heap before
{Heap before GC invocations=14 (full 3):
 PSYoungGen      total 266240K, used 17791K [0x00000000d6300000, 0x00000000eaa00000, 0x0000000100000000)
  eden space 239104K, 0% used [0x00000000d6300000,0x00000000d6300000,0x00000000e4c80000)
  from space 27136K, 65% used [0x00000000e4c80000,0x00000000e5ddff28,0x00000000e6700000)
  to   space 27648K, 0% used [0x00000000e8f00000,0x00000000e8f00000,0x00000000eaa00000)
 ParOldGen       total 151040K, used 63750K [0x0000000082800000, 0x000000008bb80000, 0x00000000d6300000)
  object space 151040K, 42% used [0x0000000082800000,0x00000000866418f8,0x000000008bb80000)
 Metaspace       used 56700K, capacity 58990K, committed 59096K, reserved 1101824K
  class space    used 7264K, capacity 7771K, committed 7808K, reserved 1048576K
Event: 19.376 GC heap after
Heap after GC invocations=14 (full 3):
 PSYoungGen      total 266240K, used 0K [0x00000000d6300000, 0x00000000eaa00000, 0x0000000100000000)
  eden space 239104K, 0% used [0x00000000d6300000,0x00000000d6300000,0x00000000e4c80000)
  from space 27136K, 0% used [0x00000000e4c80000,0x00000000e4c80000,0x00000000e6700000)
  to   space 27648K, 0% used [0x00000000e8f00000,0x00000000e8f00000,0x00000000eaa00000)
 ParOldGen       total 206848K, used 60861K [0x0000000082800000, 0x000000008f200000, 0x00000000d6300000)
  object space 206848K, 29% used [0x0000000082800000,0x000000008636f690,0x000000008f200000)
 Metaspace       used 56700K, capacity 58990K, committed 59096K, reserved 1101824K
  class space    used 7264K, capacity 7771K, committed 7808K, reserved 1048576K
}
Event: 23.508 GC heap before
{Heap before GC invocations=15 (full 3):
 PSYoungGen      total 266240K, used 239104K [0x00000000d6300000, 0x00000000eaa00000, 0x0000000100000000)
  eden space 239104K, 100% used [0x00000000d6300000,0x00000000e4c80000,0x00000000e4c80000)
  from space 27136K, 0% used [0x00000000e4c80000,0x00000000e4c80000,0x00000000e6700000)
  to   space 27648K, 0% used [0x00000000e8f00000,0x00000000e8f00000,0x00000000eaa00000)
 ParOldGen       total 206848K, used 60861K [0x0000000082800000, 0x000000008f200000, 0x00000000d6300000)
  object space 206848K, 29% used [0x0000000082800000,0x000000008636f690,0x000000008f200000)
 Metaspace       used 73248K, capacity 76260K, committed 76288K, reserved 1116160K
  class space    used 9605K, capacity 10224K, committed 10240K, reserved 1048576K
Event: 23.545 GC heap after
Heap after GC invocations=15 (full 3):
 PSYoungGen      total 293888K, used 20816K [0x00000000d6300000, 0x00000000ea480000, 0x0000000100000000)
  eden space 271872K, 0% used [0x00000000d6300000,0x00000000d6300000,0x00000000e6c80000)
  from space 22016K, 94% used [0x00000000e8f00000,0x00000000ea354298,0x00000000ea480000)
  to   space 28672K, 0% used [0x00000000e6c80000,0x00000000e6c80000,0x00000000e8880000)
 ParOldGen       total 206848K, used 60869K [0x0000000082800000, 0x000000008f200000, 0x00000000d6300000)
  object space 206848K, 29% used [0x0000000082800000,0x0000000086371690,0x000000008f200000)
 Metaspace       used 73248K, capacity 76260K, committed 76288K, reserved 1116160K
  class space    used 9605K, capacity 10224K, committed 10240K, reserved 1048576K
}

